AH00558: apache2: Could not reliably determine the server's fully qualified domain name, using 192.168.96.2. Set the 'ServerName' directive globally to suppress this message
[Thu Dec 01 20:24:58.287218 2022] [mpm_prefork:notice] [pid 1] AH00163: Apache/2.4.54 (Debian) PHP/8.0.26 configured -- resuming normal operations
[Thu Dec 01 20:24:58.300459 2022] [core:notice] [pid 1] AH00094: Command line: 'apache2 -D FOREGROUND'
[Thu Dec 01 20:24:58.291848 2022] [dbd:error] [pid 17] (20014)Internal error (specific information not available): AH00629: Can't connect to mysql: Can't connect to MySQL server on 'db' (115)
[Thu Dec 01 20:24:58.309365 2022] [dbd:error] [pid 17] (20014)Internal error (specific information not available): AH00633: failed to initialise
[Thu Dec 01 20:24:58.302449 2022] [dbd:error] [pid 21] (20014)Internal error (specific information not available): AH00629: Can't connect to mysql: Can't connect to MySQL server on 'db' (115)
[Thu Dec 01 20:24:58.312665 2022] [dbd:error] [pid 21] (20014)Internal error (specific information not available): AH00633: failed to initialise
[Thu Dec 01 20:24:58.303925 2022] [dbd:error] [pid 19] (20014)Internal error (specific information not available): AH00629: Can't connect to mysql: Can't connect to MySQL server on 'db' (115)
[Thu Dec 01 20:24:58.315136 2022] [dbd:error] [pid 19] (20014)Internal error (specific information not available): AH00633: failed to initialise
[Thu Dec 01 20:24:58.307442 2022] [dbd:error] [pid 20] (20014)Internal error (specific information not available): AH00629: Can't connect to mysql: Can't connect to MySQL server on 'db' (115)
[Thu Dec 01 20:24:58.307909 2022] [dbd:error] [pid 18] (20014)Internal error (specific information not available): AH00629: Can't connect to mysql: Can't connect to MySQL server on 'db' (115)
[Thu Dec 01 20:24:58.310549 2022] [dbd:crit] [pid 17] (20014)Internal error (specific information not available): AH00636: child init failed!
[Thu Dec 01 20:24:58.314121 2022] [dbd:crit] [pid 21] (20014)Internal error (specific information not available): AH00636: child init failed!
[Thu Dec 01 20:24:58.319457 2022] [dbd:crit] [pid 19] (20014)Internal error (specific information not available): AH00636: child init failed!
[Thu Dec 01 20:24:58.320726 2022] [dbd:error] [pid 20] (20014)Internal error (specific information not available): AH00633: failed to initialise
[Thu Dec 01 20:24:58.321891 2022] [dbd:error] [pid 18] (20014)Internal error (specific information not available): AH00633: failed to initialise
[Thu Dec 01 20:24:58.329547 2022] [dbd:crit] [pid 18] (20014)Internal error (specific information not available): AH00636: child init failed!
[Thu Dec 01 20:24:58.328765 2022] [dbd:crit] [pid 20] (20014)Internal error (specific information not available): AH00636: child init failed!
[Thu Dec 01 20:25:07.204735 2022] [authn_file:error] [pid 17] [client 192.168.96.3:58948] AH01619: AuthUserFile not specified in the configuration, referer: http://localhost:8085/
[Thu Dec 01 20:25:23.731557 2022] [authn_file:error] [pid 21] [client 192.168.96.3:59184] AH01619: AuthUserFile not specified in the configuration, referer: http://localhost:8085/
[Thu Dec 01 20:26:05.578784 2022] [auth_basic:error] [pid 19] [client 192.168.96.3:48212] AH01618: user root not found: /products.php, referer: http://localhost:8085/
[Thu Dec 01 20:26:09.150063 2022] [auth_basic:error] [pid 18] [client 192.168.96.3:48216] AH01618: user root not found: /products.php, referer: http://localhost:8085/
[Thu Dec 01 20:26:12.839078 2022] [auth_basic:error] [pid 20] [client 192.168.96.3:38728] AH01618: user root not found: /products.php, referer: http://localhost:8085/
[Thu Dec 01 20:27:21.505606 2022] [mpm_prefork:notice] [pid 1] AH00170: caught SIGWINCH, shutting down gracefully
AH00558: apache2: Could not reliably determine the server's fully qualified domain name, using 192.168.112.5. Set the 'ServerName' directive globally to suppress this message
[Thu Dec 01 20:27:42.294533 2022] [mpm_prefork:notice] [pid 1] AH00163: Apache/2.4.54 (Debian) PHP/8.0.26 configured -- resuming normal operations
[Thu Dec 01 20:27:42.297756 2022] [core:notice] [pid 1] AH00094: Command line: 'apache2 -D FOREGROUND'
[Thu Dec 01 20:27:42.297685 2022] [dbd:error] [pid 18] (20014)Internal error (specific information not available): AH00629: Can't connect to mysql: Can't connect to MySQL server on 'db' (115)
[Thu Dec 01 20:27:42.306560 2022] [dbd:error] [pid 18] (20014)Internal error (specific information not available): AH00633: failed to initialise
[Thu Dec 01 20:27:42.298149 2022] [dbd:error] [pid 17] (20014)Internal error (specific information not available): AH00629: Can't connect to mysql: Can't connect to MySQL server on 'db' (115)
[Thu Dec 01 20:27:42.308843 2022] [dbd:error] [pid 17] (20014)Internal error (specific information not available): AH00633: failed to initialise
[Thu Dec 01 20:27:42.298832 2022] [dbd:error] [pid 20] (20014)Internal error (specific information not available): AH00629: Can't connect to mysql: Can't connect to MySQL server on 'db' (115)
[Thu Dec 01 20:27:42.310954 2022] [dbd:error] [pid 20] (20014)Internal error (specific information not available): AH00633: failed to initialise
[Thu Dec 01 20:27:42.299067 2022] [dbd:error] [pid 19] (20014)Internal error (specific information not available): AH00629: Can't connect to mysql: Can't connect to MySQL server on 'db' (115)
[Thu Dec 01 20:27:42.313649 2022] [dbd:error] [pid 19] (20014)Internal error (specific information not available): AH00633: failed to initialise
[Thu Dec 01 20:27:42.305120 2022] [dbd:error] [pid 21] (20014)Internal error (specific information not available): AH00629: Can't connect to mysql: Can't connect to MySQL server on 'db' (115)
[Thu Dec 01 20:27:42.315800 2022] [dbd:error] [pid 21] (20014)Internal error (specific information not available): AH00633: failed to initialise
[Thu Dec 01 20:27:42.307818 2022] [dbd:crit] [pid 18] (20014)Internal error (specific information not available): AH00636: child init failed!
[Thu Dec 01 20:27:42.309794 2022] [dbd:crit] [pid 17] (20014)Internal error (specific information not available): AH00636: child init failed!
[Thu Dec 01 20:27:42.311709 2022] [dbd:crit] [pid 20] (20014)Internal error (specific information not available): AH00636: child init failed!
[Thu Dec 01 20:27:42.314629 2022] [dbd:crit] [pid 19] (20014)Internal error (specific information not available): AH00636: child init failed!
[Thu Dec 01 20:27:42.316754 2022] [dbd:crit] [pid 21] (20014)Internal error (specific information not available): AH00636: child init failed!
[Thu Dec 01 20:28:45.068171 2022] [mpm_prefork:notice] [pid 1] AH00170: caught SIGWINCH, shutting down gracefully
AH00558: apache2: Could not reliably determine the server's fully qualified domain name, using 192.168.128.4. Set the 'ServerName' directive globally to suppress this message
[Thu Dec 01 20:28:53.916093 2022] [mpm_prefork:notice] [pid 1] AH00163: Apache/2.4.54 (Debian) PHP/8.0.26 configured -- resuming normal operations
[Thu Dec 01 20:28:53.917133 2022] [core:notice] [pid 1] AH00094: Command line: 'apache2 -D FOREGROUND'
[Thu Dec 01 20:28:53.919964 2022] [dbd:error] [pid 16] (20014)Internal error (specific information not available): AH00629: Can't connect to mysql: Can't connect to MySQL server on 'db' (115)
[Thu Dec 01 20:28:53.920894 2022] [dbd:error] [pid 16] (20014)Internal error (specific information not available): AH00633: failed to initialise
[Thu Dec 01 20:28:53.919973 2022] [dbd:error] [pid 17] (20014)Internal error (specific information not available): AH00629: Can't connect to mysql: Can't connect to MySQL server on 'db' (115)
[Thu Dec 01 20:28:53.922520 2022] [dbd:error] [pid 17] (20014)Internal error (specific information not available): AH00633: failed to initialise
[Thu Dec 01 20:28:53.920498 2022] [dbd:error] [pid 18] (20014)Internal error (specific information not available): AH00629: Can't connect to mysql: Can't connect to MySQL server on 'db' (115)
[Thu Dec 01 20:28:53.921672 2022] [dbd:crit] [pid 16] (20014)Internal error (specific information not available): AH00636: child init failed!
[Thu Dec 01 20:28:53.924179 2022] [dbd:error] [pid 20] (20014)Internal error (specific information not available): AH00629: Can't connect to mysql: Can't connect to MySQL server on 'db' (115)
[Thu Dec 01 20:28:53.925053 2022] [dbd:crit] [pid 17] (20014)Internal error (specific information not available): AH00636: child init failed!
[Thu Dec 01 20:28:53.925043 2022] [dbd:error] [pid 19] (20014)Internal error (specific information not available): AH00629: Can't connect to mysql: Can't connect to MySQL server on 'db' (115)
[Thu Dec 01 20:28:53.930997 2022] [dbd:error] [pid 19] (20014)Internal error (specific information not available): AH00633: failed to initialise
[Thu Dec 01 20:28:53.926410 2022] [dbd:error] [pid 18] (20014)Internal error (specific information not available): AH00633: failed to initialise
[Thu Dec 01 20:28:53.935075 2022] [dbd:crit] [pid 18] (20014)Internal error (specific information not available): AH00636: child init failed!
[Thu Dec 01 20:28:53.929168 2022] [dbd:error] [pid 20] (20014)Internal error (specific information not available): AH00633: failed to initialise
[Thu Dec 01 20:28:53.937085 2022] [dbd:crit] [pid 20] (20014)Internal error (specific information not available): AH00636: child init failed!
[Thu Dec 01 20:28:53.933919 2022] [dbd:crit] [pid 19] (20014)Internal error (specific information not available): AH00636: child init failed!
[Thu Dec 01 20:31:59.172046 2022] [authn_file:error] [pid 20] [client 192.168.128.2:33224] AH01619: AuthUserFile not specified in the configuration, referer: http://localhost:8085/products.php
[Thu Dec 01 20:33:08.161287 2022] [authn_file:error] [pid 19] [client 192.168.128.2:44168] AH01619: AuthUserFile not specified in the configuration, referer: http://localhost:8085/products.php
[Thu Dec 01 20:35:06.658066 2022] [mpm_prefork:notice] [pid 1] AH00170: caught SIGWINCH, shutting down gracefully
AH00558: apache2: Could not reliably determine the server's fully qualified domain name, using 192.168.144.3. Set the 'ServerName' directive globally to suppress this message
[Thu Dec 01 20:35:26.249629 2022] [mpm_prefork:notice] [pid 1] AH00163: Apache/2.4.54 (Debian) PHP/8.0.26 configured -- resuming normal operations
[Thu Dec 01 20:35:26.252069 2022] [core:notice] [pid 1] AH00094: Command line: 'apache2 -D FOREGROUND'
[Thu Dec 01 20:35:26.257229 2022] [dbd:error] [pid 20] (20014)Internal error (specific information not available): AH00629: Can't connect to mysql: Can't connect to MySQL server on 'db' (115)
[Thu Dec 01 20:35:26.258574 2022] [dbd:error] [pid 17] (20014)Internal error (specific information not available): AH00629: Can't connect to mysql: Can't connect to MySQL server on 'db' (115)
[Thu Dec 01 20:35:26.266506 2022] [dbd:error] [pid 17] (20014)Internal error (specific information not available): AH00633: failed to initialise
[Thu Dec 01 20:35:26.262498 2022] [dbd:error] [pid 20] (20014)Internal error (specific information not available): AH00633: failed to initialise
[Thu Dec 01 20:35:26.276996 2022] [dbd:crit] [pid 20] (20014)Internal error (specific information not available): AH00636: child init failed!
[Thu Dec 01 20:35:26.263608 2022] [dbd:error] [pid 19] (20014)Internal error (specific information not available): AH00629: Can't connect to mysql: Can't connect to MySQL server on 'db' (115)
[Thu Dec 01 20:35:26.282357 2022] [dbd:error] [pid 19] (20014)Internal error (specific information not available): AH00633: failed to initialise
[Thu Dec 01 20:35:26.263796 2022] [dbd:error] [pid 21] (20014)Internal error (specific information not available): AH00629: Can't connect to mysql: Can't connect to MySQL server on 'db' (115)
[Thu Dec 01 20:35:26.290731 2022] [dbd:error] [pid 21] (20014)Internal error (specific information not available): AH00633: failed to initialise
[Thu Dec 01 20:35:26.268178 2022] [dbd:error] [pid 18] (20014)Internal error (specific information not available): AH00629: Can't connect to mysql: Can't connect to MySQL server on 'db' (115)
[Thu Dec 01 20:35:26.296416 2022] [dbd:error] [pid 18] (20014)Internal error (specific information not available): AH00633: failed to initialise
[Thu Dec 01 20:35:26.274684 2022] [dbd:crit] [pid 17] (20014)Internal error (specific information not available): AH00636: child init failed!
[Thu Dec 01 20:35:26.285253 2022] [dbd:crit] [pid 19] (20014)Internal error (specific information not available): AH00636: child init failed!
[Thu Dec 01 20:35:26.294157 2022] [dbd:crit] [pid 21] (20014)Internal error (specific information not available): AH00636: child init failed!
[Thu Dec 01 20:35:26.302324 2022] [dbd:crit] [pid 18] (20014)Internal error (specific information not available): AH00636: child init failed!
[Thu Dec 01 20:35:38.535120 2022] [core:alert] [pid 20] [client 192.168.144.2:51376] /var/www/html/.htaccess: AuthDBDUserPWQuery not allowed in <Files> context, referer: http://localhost:8085/
[Thu Dec 01 20:35:45.363267 2022] [core:alert] [pid 17] [client 192.168.144.2:49936] /var/www/html/.htaccess: AuthDBDUserPWQuery not allowed in <Files> context, referer: http://localhost:8085/
[Thu Dec 01 20:39:05.221315 2022] [mpm_prefork:notice] [pid 1] AH00170: caught SIGWINCH, shutting down gracefully
AH00558: apache2: Could not reliably determine the server's fully qualified domain name, using 192.168.176.5. Set the 'ServerName' directive globally to suppress this message
[Thu Dec 01 20:40:15.934564 2022] [mpm_prefork:notice] [pid 1] AH00163: Apache/2.4.54 (Debian) PHP/8.0.26 configured -- resuming normal operations
[Thu Dec 01 20:40:15.937982 2022] [core:notice] [pid 1] AH00094: Command line: 'apache2 -D FOREGROUND'
[Thu Dec 01 20:40:15.937671 2022] [dbd:error] [pid 20] (20014)Internal error (specific information not available): AH00629: Can't connect to mysql: Can't connect to MySQL server on 'db' (115)
[Thu Dec 01 20:40:15.940406 2022] [dbd:error] [pid 20] (20014)Internal error (specific information not available): AH00633: failed to initialise
[Thu Dec 01 20:40:15.938377 2022] [dbd:error] [pid 18] (20014)Internal error (specific information not available): AH00629: Can't connect to mysql: Can't connect to MySQL server on 'db' (115)
[Thu Dec 01 20:40:15.943101 2022] [dbd:error] [pid 18] (20014)Internal error (specific information not available): AH00633: failed to initialise
[Thu Dec 01 20:40:15.938749 2022] [dbd:error] [pid 17] (20014)Internal error (specific information not available): AH00629: Can't connect to mysql: Can't connect to MySQL server on 'db' (115)
[Thu Dec 01 20:40:15.945653 2022] [dbd:error] [pid 17] (20014)Internal error (specific information not available): AH00633: failed to initialise
[Thu Dec 01 20:40:15.938977 2022] [dbd:error] [pid 19] (20014)Internal error (specific information not available): AH00629: Can't connect to mysql: Can't connect to MySQL server on 'db' (115)
[Thu Dec 01 20:40:15.949998 2022] [dbd:error] [pid 19] (20014)Internal error (specific information not available): AH00633: failed to initialise
[Thu Dec 01 20:40:15.941683 2022] [dbd:crit] [pid 20] (20014)Internal error (specific information not available): AH00636: child init failed!
[Thu Dec 01 20:40:15.942013 2022] [dbd:error] [pid 21] (20014)Internal error (specific information not available): AH00629: Can't connect to mysql: Can't connect to MySQL server on 'db' (115)
[Thu Dec 01 20:40:15.953785 2022] [dbd:error] [pid 21] (20014)Internal error (specific information not available): AH00633: failed to initialise
[Thu Dec 01 20:40:15.944525 2022] [dbd:crit] [pid 18] (20014)Internal error (specific information not available): AH00636: child init failed!
[Thu Dec 01 20:40:15.947134 2022] [dbd:crit] [pid 17] (20014)Internal error (specific information not available): AH00636: child init failed!
[Thu Dec 01 20:40:15.951372 2022] [dbd:crit] [pid 19] (20014)Internal error (specific information not available): AH00636: child init failed!
[Thu Dec 01 20:40:15.954873 2022] [dbd:crit] [pid 21] (20014)Internal error (specific information not available): AH00636: child init failed!
[Thu Dec 01 20:40:36.985018 2022] [core:alert] [pid 20] [client 192.168.176.4:36144] /var/www/html/.htaccess: AuthDBDUserPWQuery not allowed in <Files> context, referer: http://localhost:8085/
[Thu Dec 01 20:45:11.526483 2022] [mpm_prefork:notice] [pid 1] AH00170: caught SIGWINCH, shutting down gracefully
AH00558: apache2: Could not reliably determine the server's fully qualified domain name, using 192.168.192.5. Set the 'ServerName' directive globally to suppress this message
[Thu Dec 01 20:45:26.431354 2022] [mpm_prefork:notice] [pid 1] AH00163: Apache/2.4.54 (Debian) PHP/8.0.26 configured -- resuming normal operations
[Thu Dec 01 20:45:26.432348 2022] [core:notice] [pid 1] AH00094: Command line: 'apache2 -D FOREGROUND'
[Thu Dec 01 20:45:26.434595 2022] [dbd:error] [pid 17] (20014)Internal error (specific information not available): AH00629: Can't connect to mysql: Can't connect to MySQL server on 'db' (115)
[Thu Dec 01 20:45:26.435461 2022] [dbd:error] [pid 17] (20014)Internal error (specific information not available): AH00633: failed to initialise
[Thu Dec 01 20:45:26.435370 2022] [dbd:error] [pid 19] (20014)Internal error (specific information not available): AH00629: Can't connect to mysql: Can't connect to MySQL server on 'db' (115)
[Thu Dec 01 20:45:26.437050 2022] [dbd:error] [pid 19] (20014)Internal error (specific information not available): AH00633: failed to initialise
[Thu Dec 01 20:45:26.436087 2022] [dbd:crit] [pid 17] (20014)Internal error (specific information not available): AH00636: child init failed!
[Thu Dec 01 20:45:26.437464 2022] [dbd:error] [pid 18] (20014)Internal error (specific information not available): AH00629: Can't connect to mysql: Can't connect to MySQL server on 'db' (115)
[Thu Dec 01 20:45:26.437943 2022] [dbd:error] [pid 21] (20014)Internal error (specific information not available): AH00629: Can't connect to mysql: Can't connect to MySQL server on 'db' (115)
[Thu Dec 01 20:45:26.441673 2022] [dbd:error] [pid 21] (20014)Internal error (specific information not available): AH00633: failed to initialise
[Thu Dec 01 20:45:26.438179 2022] [dbd:crit] [pid 19] (20014)Internal error (specific information not available): AH00636: child init failed!
[Thu Dec 01 20:45:26.438181 2022] [dbd:error] [pid 20] (20014)Internal error (specific information not available): AH00629: Can't connect to mysql: Can't connect to MySQL server on 'db' (115)
[Thu Dec 01 20:45:26.444797 2022] [dbd:error] [pid 20] (20014)Internal error (specific information not available): AH00633: failed to initialise
[Thu Dec 01 20:45:26.440378 2022] [dbd:error] [pid 18] (20014)Internal error (specific information not available): AH00633: failed to initialise
[Thu Dec 01 20:45:26.446358 2022] [dbd:crit] [pid 18] (20014)Internal error (specific information not available): AH00636: child init failed!
[Thu Dec 01 20:45:26.442626 2022] [dbd:crit] [pid 21] (20014)Internal error (specific information not available): AH00636: child init failed!
[Thu Dec 01 20:45:26.445523 2022] [dbd:crit] [pid 20] (20014)Internal error (specific information not available): AH00636: child init failed!
[Thu Dec 01 20:45:52.294727 2022] [core:alert] [pid 17] [client 192.168.192.4:55552] /var/www/html/.htaccess: AllowOverride not allowed in <Files> context, referer: http://localhost:8085/
[Thu Dec 01 20:53:13.656674 2022] [mpm_prefork:notice] [pid 1] AH00170: caught SIGWINCH, shutting down gracefully
AH00558: apache2: Could not reliably determine the server's fully qualified domain name, using 192.168.208.3. Set the 'ServerName' directive globally to suppress this message
[Thu Dec 01 20:53:23.989482 2022] [mpm_prefork:notice] [pid 1] AH00163: Apache/2.4.54 (Debian) PHP/8.0.26 configured -- resuming normal operations
[Thu Dec 01 20:53:23.992280 2022] [core:notice] [pid 1] AH00094: Command line: 'apache2 -D FOREGROUND'
[Thu Dec 01 20:53:23.995079 2022] [dbd:error] [pid 17] (20014)Internal error (specific information not available): AH00629: Can't connect to mysql: Can't connect to MySQL server on 'db' (115)
[Thu Dec 01 20:53:23.997764 2022] [dbd:error] [pid 17] (20014)Internal error (specific information not available): AH00633: failed to initialise
[Thu Dec 01 20:53:23.995685 2022] [dbd:error] [pid 19] (20014)Internal error (specific information not available): AH00629: Can't connect to mysql: Can't connect to MySQL server on 'db' (115)
[Thu Dec 01 20:53:23.995728 2022] [dbd:error] [pid 18] (20014)Internal error (specific information not available): AH00629: Can't connect to mysql: Can't connect to MySQL server on 'db' (115)
[Thu Dec 01 20:53:24.003334 2022] [dbd:error] [pid 18] (20014)Internal error (specific information not available): AH00633: failed to initialise
[Thu Dec 01 20:53:23.997191 2022] [dbd:error] [pid 20] (20014)Internal error (specific information not available): AH00629: Can't connect to mysql: Can't connect to MySQL server on 'db' (115)
[Thu Dec 01 20:53:23.999531 2022] [dbd:crit] [pid 17] (20014)Internal error (specific information not available): AH00636: child init failed!
[Thu Dec 01 20:53:23.999739 2022] [dbd:error] [pid 21] (20014)Internal error (specific information not available): AH00629: Can't connect to mysql: Can't connect to MySQL server on 'db' (115)
[Thu Dec 01 20:53:24.001974 2022] [dbd:error] [pid 19] (20014)Internal error (specific information not available): AH00633: failed to initialise
[Thu Dec 01 20:53:24.011935 2022] [dbd:crit] [pid 19] (20014)Internal error (specific information not available): AH00636: child init failed!
[Thu Dec 01 20:53:24.006077 2022] [dbd:crit] [pid 18] (20014)Internal error (specific information not available): AH00636: child init failed!
[Thu Dec 01 20:53:24.008557 2022] [dbd:error] [pid 20] (20014)Internal error (specific information not available): AH00633: failed to initialise
[Thu Dec 01 20:53:24.016648 2022] [dbd:crit] [pid 20] (20014)Internal error (specific information not available): AH00636: child init failed!
[Thu Dec 01 20:53:24.011024 2022] [dbd:error] [pid 21] (20014)Internal error (specific information not available): AH00633: failed to initialise
[Thu Dec 01 20:53:24.024456 2022] [dbd:crit] [pid 21] (20014)Internal error (specific information not available): AH00636: child init failed!
[Thu Dec 01 20:53:32.873452 2022] [core:alert] [pid 17] [client 192.168.208.4:50024] /var/www/html/.htaccess: <Directory not allowed here, referer: http://localhost:8085/
[Thu Dec 01 21:00:19.566591 2022] [authn_file:error] [pid 17] [client 192.168.208.4:46874] AH01619: AuthUserFile not specified in the configuration, referer: http://localhost:8085/products.php
[Thu Dec 01 21:00:32.307971 2022] [mpm_prefork:notice] [pid 1] AH00170: caught SIGWINCH, shutting down gracefully
AH00558: apache2: Could not reliably determine the server's fully qualified domain name, using 192.168.224.3. Set the 'ServerName' directive globally to suppress this message
[Thu Dec 01 21:02:07.316737 2022] [mpm_prefork:notice] [pid 1] AH00163: Apache/2.4.54 (Debian) PHP/8.0.26 configured -- resuming normal operations
[Thu Dec 01 21:02:07.319639 2022] [core:notice] [pid 1] AH00094: Command line: 'apache2 -D FOREGROUND'
[Thu Dec 01 21:02:07.322282 2022] [dbd:error] [pid 17] (20014)Internal error (specific information not available): AH00629: Can't connect to mysql: Can't connect to MySQL server on 'db' (115)
[Thu Dec 01 21:02:07.323169 2022] [dbd:error] [pid 17] (20014)Internal error (specific information not available): AH00633: failed to initialise
[Thu Dec 01 21:02:07.322371 2022] [dbd:error] [pid 20] (20014)Internal error (specific information not available): AH00629: Can't connect to mysql: Can't connect to MySQL server on 'db' (115)
[Thu Dec 01 21:02:07.328263 2022] [dbd:error] [pid 20] (20014)Internal error (specific information not available): AH00633: failed to initialise
[Thu Dec 01 21:02:07.323678 2022] [dbd:error] [pid 18] (20014)Internal error (specific information not available): AH00629: Can't connect to mysql: Can't connect to MySQL server on 'db' (115)
[Thu Dec 01 21:02:07.324168 2022] [dbd:error] [pid 19] (20014)Internal error (specific information not available): AH00629: Can't connect to mysql: Can't connect to MySQL server on 'db' (115)
[Thu Dec 01 21:02:07.331638 2022] [dbd:error] [pid 19] (20014)Internal error (specific information not available): AH00633: failed to initialise
[Thu Dec 01 21:02:07.327056 2022] [dbd:crit] [pid 17] (20014)Internal error (specific information not available): AH00636: child init failed!
[Thu Dec 01 21:02:07.327288 2022] [dbd:error] [pid 21] (20014)Internal error (specific information not available): AH00629: Can't connect to mysql: Can't connect to MySQL server on 'db' (115)
[Thu Dec 01 21:02:07.329324 2022] [dbd:crit] [pid 20] (20014)Internal error (specific information not available): AH00636: child init failed!
[Thu Dec 01 21:02:07.330458 2022] [dbd:error] [pid 18] (20014)Internal error (specific information not available): AH00633: failed to initialise
[Thu Dec 01 21:02:07.332621 2022] [dbd:crit] [pid 19] (20014)Internal error (specific information not available): AH00636: child init failed!
[Thu Dec 01 21:02:07.336590 2022] [dbd:error] [pid 21] (20014)Internal error (specific information not available): AH00633: failed to initialise
[Thu Dec 01 21:02:07.340596 2022] [dbd:crit] [pid 21] (20014)Internal error (specific information not available): AH00636: child init failed!
[Thu Dec 01 21:02:07.339010 2022] [dbd:crit] [pid 18] (20014)Internal error (specific information not available): AH00636: child init failed!
[Thu Dec 01 21:02:50.644253 2022] [auth_basic:error] [pid 19] [client 192.168.224.4:60946] AH01617: user root: authentication failure for "/admin.php": Password Mismatch, referer: http://localhost:8085/products.php
[Thu Dec 01 21:02:54.095814 2022] [auth_basic:error] [pid 21] [client 192.168.224.4:45408] AH01617: user root: authentication failure for "/admin.php": Password Mismatch, referer: http://localhost:8085/products.php
[Thu Dec 01 21:03:48.597504 2022] [mpm_prefork:notice] [pid 1] AH00170: caught SIGWINCH, shutting down gracefully
AH00558: apache2: Could not reliably determine the server's fully qualified domain name, using 192.168.224.3. Set the 'ServerName' directive globally to suppress this message
[Thu Dec 01 21:03:54.601066 2022] [mpm_prefork:notice] [pid 1] AH00163: Apache/2.4.54 (Debian) PHP/8.0.26 configured -- resuming normal operations
[Thu Dec 01 21:03:54.602687 2022] [core:notice] [pid 1] AH00094: Command line: 'apache2 -D FOREGROUND'
[Thu Dec 01 21:03:54.604754 2022] [dbd:error] [pid 18] (20014)Internal error (specific information not available): AH00629: Can't connect to mysql: Can't connect to MySQL server on 'db' (115)
[Thu Dec 01 21:03:54.605776 2022] [dbd:error] [pid 18] (20014)Internal error (specific information not available): AH00633: failed to initialise
[Thu Dec 01 21:03:54.604816 2022] [dbd:error] [pid 17] (20014)Internal error (specific information not available): AH00629: Can't connect to mysql: Can't connect to MySQL server on 'db' (115)
[Thu Dec 01 21:03:54.608976 2022] [dbd:error] [pid 21] (20014)Internal error (specific information not available): AH00629: Can't connect to mysql: Can't connect to MySQL server on 'db' (115)
[Thu Dec 01 21:03:54.607678 2022] [dbd:crit] [pid 18] (20014)Internal error (specific information not available): AH00636: child init failed!
[Thu Dec 01 21:03:54.608247 2022] [dbd:error] [pid 20] (20014)Internal error (specific information not available): AH00629: Can't connect to mysql: Can't connect to MySQL server on 'db' (115)
[Thu Dec 01 21:03:54.609249 2022] [dbd:error] [pid 17] (20014)Internal error (specific information not available): AH00633: failed to initialise
[Thu Dec 01 21:03:54.619710 2022] [dbd:crit] [pid 17] (20014)Internal error (specific information not available): AH00636: child init failed!
[Thu Dec 01 21:03:54.610561 2022] [dbd:error] [pid 19] (20014)Internal error (specific information not available): AH00629: Can't connect to mysql: Can't connect to MySQL server on 'db' (115)
[Thu Dec 01 21:03:54.621710 2022] [dbd:error] [pid 19] (20014)Internal error (specific information not available): AH00633: failed to initialise
[Thu Dec 01 21:03:54.611489 2022] [dbd:error] [pid 21] (20014)Internal error (specific information not available): AH00633: failed to initialise
[Thu Dec 01 21:03:54.623738 2022] [dbd:crit] [pid 21] (20014)Internal error (specific information not available): AH00636: child init failed!
[Thu Dec 01 21:03:54.618549 2022] [dbd:error] [pid 20] (20014)Internal error (specific information not available): AH00633: failed to initialise
[Thu Dec 01 21:03:54.627026 2022] [dbd:crit] [pid 20] (20014)Internal error (specific information not available): AH00636: child init failed!
[Thu Dec 01 21:03:54.622667 2022] [dbd:crit] [pid 19] (20014)Internal error (specific information not available): AH00636: child init failed!
[Thu Dec 01 21:04:14.913098 2022] [mpm_prefork:notice] [pid 1] AH00170: caught SIGWINCH, shutting down gracefully
AH00558: apache2: Could not reliably determine the server's fully qualified domain name, using 192.168.240.4. Set the 'ServerName' directive globally to suppress this message
[Thu Dec 01 21:04:25.691503 2022] [mpm_prefork:notice] [pid 1] AH00163: Apache/2.4.54 (Debian) PHP/8.0.26 configured -- resuming normal operations
[Thu Dec 01 21:04:25.693236 2022] [core:notice] [pid 1] AH00094: Command line: 'apache2 -D FOREGROUND'
[Thu Dec 01 21:04:25.695221 2022] [dbd:error] [pid 18] (20014)Internal error (specific information not available): AH00629: Can't connect to mysql: Can't connect to MySQL server on 'db' (115)
[Thu Dec 01 21:04:25.696998 2022] [dbd:error] [pid 18] (20014)Internal error (specific information not available): AH00633: failed to initialise
[Thu Dec 01 21:04:25.695598 2022] [dbd:error] [pid 17] (20014)Internal error (specific information not available): AH00629: Can't connect to mysql: Can't connect to MySQL server on 'db' (115)
[Thu Dec 01 21:04:25.699329 2022] [dbd:error] [pid 17] (20014)Internal error (specific information not available): AH00633: failed to initialise
[Thu Dec 01 21:04:25.696211 2022] [dbd:error] [pid 20] (20014)Internal error (specific information not available): AH00629: Can't connect to mysql: Can't connect to MySQL server on 'db' (115)
[Thu Dec 01 21:04:25.701743 2022] [dbd:error] [pid 20] (20014)Internal error (specific information not available): AH00633: failed to initialise
[Thu Dec 01 21:04:25.698146 2022] [dbd:crit] [pid 18] (20014)Internal error (specific information not available): AH00636: child init failed!
[Thu Dec 01 21:04:25.700565 2022] [dbd:crit] [pid 17] (20014)Internal error (specific information not available): AH00636: child init failed!
[Thu Dec 01 21:04:25.700892 2022] [dbd:error] [pid 21] (20014)Internal error (specific information not available): AH00629: Can't connect to mysql: Can't connect to MySQL server on 'db' (115)
[Thu Dec 01 21:04:25.706485 2022] [dbd:error] [pid 21] (20014)Internal error (specific information not available): AH00633: failed to initialise
[Thu Dec 01 21:04:25.702865 2022] [dbd:error] [pid 19] (20014)Internal error (specific information not available): AH00629: Can't connect to mysql: Can't connect to MySQL server on 'db' (115)
[Thu Dec 01 21:04:25.708942 2022] [dbd:error] [pid 19] (20014)Internal error (specific information not available): AH00633: failed to initialise
[Thu Dec 01 21:04:25.702932 2022] [dbd:crit] [pid 20] (20014)Internal error (specific information not available): AH00636: child init failed!
[Thu Dec 01 21:04:25.707700 2022] [dbd:crit] [pid 21] (20014)Internal error (specific information not available): AH00636: child init failed!
[Thu Dec 01 21:04:25.709939 2022] [dbd:crit] [pid 19] (20014)Internal error (specific information not available): AH00636: child init failed!
[Thu Dec 01 21:06:00.408096 2022] [mpm_prefork:notice] [pid 1] AH00170: caught SIGWINCH, shutting down gracefully
AH00558: apache2: Could not reliably determine the server's fully qualified domain name, using 172.19.0.5. Set the 'ServerName' directive globally to suppress this message
[Thu Dec 01 21:08:12.351254 2022] [mpm_prefork:notice] [pid 1] AH00163: Apache/2.4.54 (Debian) PHP/8.0.26 configured -- resuming normal operations
[Thu Dec 01 21:08:12.352918 2022] [core:notice] [pid 1] AH00094: Command line: 'apache2 -D FOREGROUND'
[Thu Dec 01 21:08:12.354559 2022] [dbd:error] [pid 17] (20014)Internal error (specific information not available): AH00629: Can't connect to mysql: Can't connect to MySQL server on 'db' (115)
[Thu Dec 01 21:08:12.356412 2022] [dbd:error] [pid 17] (20014)Internal error (specific information not available): AH00633: failed to initialise
[Thu Dec 01 21:08:12.355476 2022] [dbd:error] [pid 19] (20014)Internal error (specific information not available): AH00629: Can't connect to mysql: Can't connect to MySQL server on 'db' (115)
[Thu Dec 01 21:08:12.359226 2022] [dbd:error] [pid 19] (20014)Internal error (specific information not available): AH00633: failed to initialise
[Thu Dec 01 21:08:12.355602 2022] [dbd:error] [pid 18] (20014)Internal error (specific information not available): AH00629: Can't connect to mysql: Can't connect to MySQL server on 'db' (115)
[Thu Dec 01 21:08:12.363169 2022] [dbd:error] [pid 18] (20014)Internal error (specific information not available): AH00633: failed to initialise
[Thu Dec 01 21:08:12.357234 2022] [dbd:error] [pid 20] (20014)Internal error (specific information not available): AH00629: Can't connect to mysql: Can't connect to MySQL server on 'db' (115)
[Thu Dec 01 21:08:12.365257 2022] [dbd:error] [pid 20] (20014)Internal error (specific information not available): AH00633: failed to initialise
[Thu Dec 01 21:08:12.358356 2022] [dbd:crit] [pid 17] (20014)Internal error (specific information not available): AH00636: child init failed!
[Thu Dec 01 21:08:12.360305 2022] [dbd:crit] [pid 19] (20014)Internal error (specific information not available): AH00636: child init failed!
[Thu Dec 01 21:08:12.360746 2022] [dbd:error] [pid 21] (20014)Internal error (specific information not available): AH00629: Can't connect to mysql: Can't connect to MySQL server on 'db' (115)
[Thu Dec 01 21:08:12.370714 2022] [dbd:error] [pid 21] (20014)Internal error (specific information not available): AH00633: failed to initialise
[Thu Dec 01 21:08:12.364235 2022] [dbd:crit] [pid 18] (20014)Internal error (specific information not available): AH00636: child init failed!
[Thu Dec 01 21:08:12.366210 2022] [dbd:crit] [pid 20] (20014)Internal error (specific information not available): AH00636: child init failed!
[Thu Dec 01 21:08:12.371401 2022] [dbd:crit] [pid 21] (20014)Internal error (specific information not available): AH00636: child init failed!
[Thu Dec 01 21:08:18.864358 2022] [mpm_prefork:notice] [pid 1] AH00170: caught SIGWINCH, shutting down gracefully
AH00558: apache2: Could not reliably determine the server's fully qualified domain name, using 172.19.0.5. Set the 'ServerName' directive globally to suppress this message
[Thu Dec 01 21:14:47.397050 2022] [mpm_prefork:notice] [pid 1] AH00163: Apache/2.4.54 (Debian) PHP/8.0.26 configured -- resuming normal operations
[Thu Dec 01 21:14:47.411009 2022] [core:notice] [pid 1] AH00094: Command line: 'apache2 -D FOREGROUND'
[Thu Dec 01 21:14:47.397937 2022] [dbd:error] [pid 17] (20014)Internal error (specific information not available): AH00629: Can't connect to mysql: Can't connect to MySQL server on 'db' (115)
[Thu Dec 01 21:14:47.413360 2022] [dbd:error] [pid 17] (20014)Internal error (specific information not available): AH00633: failed to initialise
[Thu Dec 01 21:14:47.398734 2022] [dbd:error] [pid 18] (20014)Internal error (specific information not available): AH00629: Can't connect to mysql: Can't connect to MySQL server on 'db' (115)
[Thu Dec 01 21:14:47.400857 2022] [dbd:error] [pid 19] (20014)Internal error (specific information not available): AH00629: Can't connect to mysql: Can't connect to MySQL server on 'db' (115)
[Thu Dec 01 21:14:47.416143 2022] [dbd:error] [pid 19] (20014)Internal error (specific information not available): AH00633: failed to initialise
[Thu Dec 01 21:14:47.401304 2022] [dbd:error] [pid 21] (20014)Internal error (specific information not available): AH00629: Can't connect to mysql: Can't connect to MySQL server on 'db' (115)
[Thu Dec 01 21:14:47.417601 2022] [dbd:error] [pid 21] (20014)Internal error (specific information not available): AH00633: failed to initialise
[Thu Dec 01 21:14:47.403071 2022] [dbd:error] [pid 20] (20014)Internal error (specific information not available): AH00629: Can't connect to mysql: Can't connect to MySQL server on 'db' (115)
[Thu Dec 01 21:14:47.442942 2022] [dbd:error] [pid 20] (20014)Internal error (specific information not available): AH00633: failed to initialise
[Thu Dec 01 21:14:47.414633 2022] [dbd:crit] [pid 17] (20014)Internal error (specific information not available): AH00636: child init failed!
[Thu Dec 01 21:14:47.415346 2022] [dbd:error] [pid 18] (20014)Internal error (specific information not available): AH00633: failed to initialise
[Thu Dec 01 21:14:47.463949 2022] [dbd:crit] [pid 18] (20014)Internal error (specific information not available): AH00636: child init failed!
[Thu Dec 01 21:14:47.416873 2022] [dbd:crit] [pid 19] (20014)Internal error (specific information not available): AH00636: child init failed!
[Thu Dec 01 21:14:47.418907 2022] [dbd:crit] [pid 21] (20014)Internal error (specific information not available): AH00636: child init failed!
[Thu Dec 01 21:14:47.443957 2022] [dbd:crit] [pid 20] (20014)Internal error (specific information not available): AH00636: child init failed!
[Thu Dec 01 21:16:14.360400 2022] [mpm_prefork:notice] [pid 1] AH00170: caught SIGWINCH, shutting down gracefully
AH00558: apache2: Could not reliably determine the server's fully qualified domain name, using 172.19.0.4. Set the 'ServerName' directive globally to suppress this message
[Thu Dec 01 21:16:31.419159 2022] [mpm_prefork:notice] [pid 1] AH00163: Apache/2.4.54 (Debian) PHP/8.0.26 configured -- resuming normal operations
[Thu Dec 01 21:16:31.422078 2022] [core:notice] [pid 1] AH00094: Command line: 'apache2 -D FOREGROUND'
[Thu Dec 01 21:16:31.422937 2022] [dbd:error] [pid 17] (20014)Internal error (specific information not available): AH00629: Can't connect to mysql: Can't connect to MySQL server on 'db' (115)
[Thu Dec 01 21:16:31.423906 2022] [dbd:error] [pid 17] (20014)Internal error (specific information not available): AH00633: failed to initialise
[Thu Dec 01 21:16:31.424871 2022] [dbd:crit] [pid 17] (20014)Internal error (specific information not available): AH00636: child init failed!
[Thu Dec 01 21:16:31.424086 2022] [dbd:error] [pid 18] (20014)Internal error (specific information not available): AH00629: Can't connect to mysql: Can't connect to MySQL server on 'db' (115)
[Thu Dec 01 21:16:31.426670 2022] [dbd:error] [pid 18] (20014)Internal error (specific information not available): AH00633: failed to initialise
[Thu Dec 01 21:16:31.424995 2022] [dbd:error] [pid 19] (20014)Internal error (specific information not available): AH00629: Can't connect to mysql: Can't connect to MySQL server on 'db' (115)
[Thu Dec 01 21:16:31.428747 2022] [dbd:error] [pid 19] (20014)Internal error (specific information not available): AH00633: failed to initialise
[Thu Dec 01 21:16:31.425608 2022] [dbd:error] [pid 21] (20014)Internal error (specific information not available): AH00629: Can't connect to mysql: Can't connect to MySQL server on 'db' (115)
[Thu Dec 01 21:16:31.427769 2022] [dbd:crit] [pid 18] (20014)Internal error (specific information not available): AH00636: child init failed!
[Thu Dec 01 21:16:31.431205 2022] [dbd:crit] [pid 19] (20014)Internal error (specific information not available): AH00636: child init failed!
[Thu Dec 01 21:16:31.432767 2022] [dbd:error] [pid 20] (20014)Internal error (specific information not available): AH00629: Can't connect to mysql: Can't connect to MySQL server on 'db' (115)
[Thu Dec 01 21:16:31.433643 2022] [dbd:error] [pid 21] (20014)Internal error (specific information not available): AH00633: failed to initialise
[Thu Dec 01 21:16:31.441156 2022] [dbd:crit] [pid 21] (20014)Internal error (specific information not available): AH00636: child init failed!
[Thu Dec 01 21:16:31.439633 2022] [dbd:error] [pid 20] (20014)Internal error (specific information not available): AH00633: failed to initialise
[Thu Dec 01 21:16:31.443904 2022] [dbd:crit] [pid 20] (20014)Internal error (specific information not available): AH00636: child init failed!
[Thu Dec 01 21:23:14.738633 2022] [mpm_prefork:notice] [pid 1] AH00170: caught SIGWINCH, shutting down gracefully
